0 info it worked if it ends with ok
1 verbose cli [ '/usr/local/bin/node',
1 verbose cli   '/usr/local/bin/npm',
1 verbose cli   'isntall',
1 verbose cli   '-g',
1 verbose cli   'angular-generato' ]
2 info using npm@1.2.25
3 info using node@v0.11.3-pre
4 verbose read json /usr/local/lib/package.json
5 verbose read json /usr/local/lib/package.json
6 verbose cache add [ 'angular-generato', null ]
7 verbose cache add name=undefined spec="angular-generato" args=["angular-generato",null]
8 verbose parsed url { protocol: null,
8 verbose parsed url   slashes: null,
8 verbose parsed url   auth: null,
8 verbose parsed url   host: null,
8 verbose parsed url   port: null,
8 verbose parsed url   hostname: null,
8 verbose parsed url   hash: null,
8 verbose parsed url   search: null,
8 verbose parsed url   query: null,
8 verbose parsed url   pathname: 'angular-generato',
8 verbose parsed url   path: 'angular-generato',
8 verbose parsed url   href: 'angular-generato' }
9 silly lockFile 0d6e9961-angular-generato angular-generato
10 verbose lock angular-generato /home/diegonakamashi/.npm/0d6e9961-angular-generato.lock
11 silly lockFile 0d6e9961-angular-generato angular-generato
12 silly lockFile 0d6e9961-angular-generato angular-generato
13 verbose addNamed [ 'angular-generato', '' ]
14 verbose addNamed [ null, '' ]
15 silly lockFile 44d829a7-angular-generato angular-generato@
16 verbose lock angular-generato@ /home/diegonakamashi/.npm/44d829a7-angular-generato.lock
17 silly addNameRange { name: 'angular-generato', range: '', hasData: false }
18 verbose url raw angular-generato
19 verbose url resolving [ 'https://registry.npmjs.org/', './angular-generato' ]
20 verbose url resolved https://registry.npmjs.org/angular-generato
21 info trying registry request attempt 1 at 08:33:50
22 http GET https://registry.npmjs.org/angular-generato
23 http 404 https://registry.npmjs.org/angular-generato
24 silly registry.get cb [ 404,
24 silly registry.get   { server: 'CouchDB/1.3.1 (Erlang OTP/R15B03)',
24 silly registry.get     date: 'Tue, 03 Dec 2013 10:33:53 GMT',
24 silly registry.get     'content-type': 'application/json',
24 silly registry.get     'content-length': '52',
24 silly registry.get     'cache-control': 'must-revalidate' } ]
25 silly lockFile 44d829a7-angular-generato angular-generato@
26 silly lockFile 44d829a7-angular-generato angular-generato@
27 error 404 'angular-generato' is not in the npm registry.
27 error 404 You should bug the author to publish it
27 error 404
27 error 404 Note that you can also install from a
27 error 404 tarball, folder, or http url, or git url.
28 error System Linux 3.5.0-32-generic
29 error command "/usr/local/bin/node" "/usr/local/bin/npm" "isntall" "-g" "angular-generato"
30 error cwd /home/diegonakamashi/workspace/js/ril-chrome
31 error node -v v0.11.3-pre
32 error npm -v 1.2.25
33 error code E404
34 verbose exit [ 1, true ]
